<?xml version="1.0" encoding="UTF-8"?>
<!-- Generated by org.testng.reporters.JUnitReportReporter -->
<testsuite name="TestCases.TestAnotationClass" tests="2" time="0.005" ignored="0" failures="0" timestamp="11 Oct 2017 10:20:31 GMT" skipped="0" hostname="Ganesan-MacBook-Pro.local" errors="0">
  <testcase name="test2" time="0.001" classname="TestCases.TestAnotationClass"/>
  <testcase name="test1" time="0.004" classname="TestCases.TestAnotationClass"/>
</testsuite> <!-- TestCases.TestAnotationClass -->
