<?xml version="1.0" encoding="UTF-8"?>
<!-- Generated by org.testng.reporters.JUnitReportReporter -->
<testsuite name="TestCases.TC_001" tests="1" time="1172.609" ignored="0" failures="0" timestamp="07 Dec 2017 13:03:17 GMT" skipped="0" hostname="Ganesan-MacBook-Pro.local" errors="0">
  <testcase name="testcase1" time="1172.609" classname="TestCases.TC_001"/>
</testsuite> <!-- TestCases.TC_001 -->
