<?xml version="1.0" encoding="UTF-8"?>
<!-- Generated by org.testng.reporters.JUnitReportReporter -->
<testsuite name="TestCases.TestAnotationMthods" tests="2" time="0.011" ignored="0" failures="0" timestamp="11 Oct 2017 10:12:54 GMT" skipped="0" hostname="Ganesan-MacBook-Pro.local" errors="0">
  <testcase name="test2" time="0.006" classname="TestCases.TestAnotationMthods"/>
  <testcase name="test1" time="0.005" classname="TestCases.TestAnotationMthods"/>
</testsuite> <!-- TestCases.TestAnotationMthods -->
