<?xml version="1.0" encoding="UTF-8"?>
<!-- Generated by org.testng.reporters.JUnitReportReporter -->
<testsuite name="TestCases.TC_005" tests="1" time="355.314" ignored="0" failures="0" timestamp="08 Dec 2017 05:42:37 GMT" skipped="0" hostname="Ganesan-MacBook-Pro.local" errors="0">
  <testcase name="testcase1" time="355.314" classname="TestCases.TC_005"/>
</testsuite> <!-- TestCases.TC_005 -->
