<?xml version="1.0" encoding="UTF-8"?>
<!-- Generated by org.testng.reporters.JUnitReportReporter -->
<testsuite name="TestCases.TC_002" tests="1" time="215.202" ignored="0" failures="0" timestamp="26 Dec 2017 07:25:03 GMT" skipped="0" hostname="Ganesan-MBP" errors="0">
  <testcase name="testcase1" time="215.202" classname="TestCases.TC_002"/>
</testsuite> <!-- TestCases.TC_002 -->
