<?xml version="1.0" encoding="UTF-8"?>
<!-- Generated by org.testng.reporters.JUnitReportReporter -->
<testsuite name="TestCases.TestAnotation" tests="1" time="0.001" ignored="0" failures="0" timestamp="11 Oct 2017 10:20:31 GMT" skipped="0" hostname="Ganesan-MacBook-Pro.local" errors="0">
  <testcase name="fu" time="0.001" classname="TestCases.TestAnotation"/>
</testsuite> <!-- TestCases.TestAnotation -->
