<?xml version="1.0" encoding="UTF-8"?>
<!-- Generated by org.testng.reporters.JUnitReportReporter -->
<testsuite name="TestCases.TC_004" tests="1" time="169.669" ignored="0" failures="0" timestamp="26 Dec 2017 07:39:44 GMT" skipped="0" hostname="Ganesan-MBP" errors="0">
  <testcase name="testcase1" time="169.669" classname="TestCases.TC_004"/>
</testsuite> <!-- TestCases.TC_004 -->
