<?xml version="1.0" encoding="UTF-8"?>
<!-- Generated by org.testng.reporters.JUnitReportReporter -->
<testsuite name="TestCases.TC_003" tests="1" time="453.632" ignored="0" failures="0" timestamp="26 Dec 2017 07:49:18 GMT" skipped="0" hostname="Ganesan-MBP" errors="0">
  <testcase name="testcase1" time="453.632" classname="TestCases.TC_003"/>
</testsuite> <!-- TestCases.TC_003 -->
